{
  "RSpec": {
    "coverage": {
      "/home/judy/RubymineProjects/pdf_reading/pdf_reading.rb": [
        null,
        1,
        1,
        null,
        1,
        null,
        1,
        null,
        1,
        10,
        null,
        10,
        10,
        null,
        null,
        10,
        13,
        363,
        337,
        null,
        null,
        null,
        81,
        81,
        null,
        73,
        null,
        3,
        3,
        null,
        4,
        null,
        null,
        176,
        null,
        176,
        337,
        337,
        null,
        null,
        null,
        null,
        null,
        1,
        68,
        68,
        null,
        67,
        67,
        67,
        67,
        null,
        1,
        1,
        null,
        null,
        null,
        1,
        null,
        1,
        null,
        null,
        11,
        565,
        null,
        487,
        null,
        11,
        565,
        null,
        null,
        38,
        null,
        null,
        11,
        1,
        null,
        11,
        null,
        null,
        1,
        571,
        null,
        null,
        1,
        473,
        null,
        null,
        1,
        394,
        null,
        null,
        1,
        399,
        1573,
        null,
        389,
        null,
        null,
        1,
        561,
        561,
        null,
        null,
        1,
        120,
        null,
        null,
        1,
        230,
        null,
        null,
        1,
        91,
        null,
        null,
        1,
        82,
        null,
        null,
        null,
        null,
        1,
        79,
        78,
        78,
        78,
        5,
        5,
        null,
        78,
        null,
        78,
        78,
        11,
        11,
        null,
        67,
        null,
        null,
        null,
        null,
        null,
        1,
        75,
        75,
        6,
        null,
        75,
        75,
        null,
        null,
        1,
        4,
        null,
        null,
        null,
        1,
        9,
        8,
        8,
        8,
        null,
        8,
        8,
        2,
        2,
        null,
        6,
        null,
        null,
        null,
        null,
        null,
        1,
        6,
        6,
        2,
        null,
        6,
        6,
        null,
        null,
        null,
        1,
        178,
        178,
        174,
        174,
        174,
        null,
        178,
        null,
        null,
        1,
        176,
        176,
        1048,
        47,
        null,
        null,
        null,
        129,
        129,
        null,
        null,
        null,
        null,
        1,
        158,
        null,
        null,
        155,
        155,
        null,
        null,
        155,
        155,
        null,
        null,
        null,
        null,
        null,
        1,
        20,
        null,
        null,
        19,
        19,
        null,
        null,
        19,
        19,
        null,
        null,
        null,
        1,
        178,
        178,
        45,
        45,
        null,
        null,
        178,
        null,
        null,
        24,
        null,
        24,
        24,
        24,
        null,
        null,
        null,
        null,
        1,
        26,
        29,
        3,
        null,
        null,
        null,
        23,
        23,
        null,
        null,
        null,
        1,
        23,
        null,
        null,
        21,
        21,
        null,
        null,
        21,
        21,
        null,
        null,
        null,
        1,
        5,
        null,
        null,
        4,
        4,
        null,
        null,
        4,
        4,
        null,
        null,
        null,
        null,
        null
      ]
    },
    "timestamp": 1455769576
  }
}
